0 info it worked if it ends with ok
1 verbose cli [ '/usr/local/bin/node',
1 verbose cli   '/usr/local/bin/npm',
1 verbose cli   'version',
1 verbose cli   'patch' ]
2 info using npm@3.10.3
3 info using node@v5.2.0
4 info git [ 'status', '--porcelain' ]
5 info lifecycle rguanghui-laboratory@1.0.1~preversion: rguanghui-laboratory@1.0.1
6 silly lifecycle rguanghui-laboratory@1.0.1~preversion: no script for preversion, continuing
7 verbose version.write data { name: 'rguanghui-laboratory',
7 verbose version.write   version: '1.0.1',
7 verbose version.write   description: '',
7 verbose version.write   main: 'index.js',
7 verbose version.write   scripts: { test: 'echo "Error: no test specified" && exit 1' },
7 verbose version.write   repository:
7 verbose version.write    { type: 'git',
7 verbose version.write      url: 'git+https://github.com/rguanghui/rguanghui-laboratory.git' },
7 verbose version.write   keywords: [],
7 verbose version.write   author: '',
7 verbose version.write   license: 'ISC',
7 verbose version.write   bugs: { url: 'https://github.com/rguanghui/rguanghui-laboratory/issues' },
7 verbose version.write   homepage: 'https://github.com/rguanghui/rguanghui-laboratory#readme' } to package.json
8 info lifecycle rguanghui-laboratory@1.0.1~version: rguanghui-laboratory@1.0.1
9 silly lifecycle rguanghui-laboratory@1.0.1~version: no script for version, continuing
10 info git [ 'add',
10 info git   '/Users/renguanghui/rgh/rguanghui-laboratory/package.json' ]
11 info git [ 'commit', '-m', '1.0.1' ]
12 info git [ 'tag', 'v1.0.1', '-am', '1.0.1' ]
13 verbose stack Error: Command failed: git tag v1.0.1 -am 1.0.1
13 verbose stack fatal: tag 'v1.0.1' already exists
13 verbose stack
13 verbose stack     at ChildProcess.exithandler (child_process.js:214:12)
13 verbose stack     at emitTwo (events.js:88:13)
13 verbose stack     at ChildProcess.emit (events.js:173:7)
13 verbose stack     at maybeClose (internal/child_process.js:819:16)
13 verbose stack     at Socket.<anonymous> (internal/child_process.js:320:11)
13 verbose stack     at emitOne (events.js:78:13)
13 verbose stack     at Socket.emit (events.js:170:7)
13 verbose stack     at Pipe._onclose (net.js:470:12)
14 verbose cwd /Users/renguanghui/rgh/rguanghui-laboratory
15 error Darwin 15.5.0
16 error argv "/usr/local/bin/node" "/usr/local/bin/npm" "version" "patch"
17 error node v5.2.0
18 error npm  v3.10.3
19 error code 128
20 error Command failed: git tag v1.0.1 -am 1.0.1
20 error fatal: tag 'v1.0.1' already exists
21 error If you need help, you may report this error at:
21 error     <https://github.com/npm/npm/issues>
22 verbose exit [ 1, true ]
